2020-12-11 05:09:06,260 INFO  [org.jboss.modules] (main) JBoss Modules version 1.10.1.Final
2020-12-11 05:09:07,061 INFO  [org.jboss.msc] (main) JBoss MSC version 1.4.11.Final
2020-12-11 05:09:07,071 INFO  [org.jboss.threads] (main) JBoss Threads version 2.3.3.Final
2020-12-11 05:09:07,188 INFO  [org.jboss.as] (MSC service thread 1-1) WFLYSRV0049: Keycloak 11.0.3 (WildFly Core 12.0.3.Final) starting
2020-12-11 05:09:07,189 DEBUG [org.jboss.as.config] (MSC service thread 1-1) Configured system properties:
	awt.toolkit = sun.awt.windows.WToolkit
	file.encoding = Cp1252
	file.encoding.pkg = sun.io
	file.separator = \
	java.awt.graphicsenv = sun.awt.Win32GraphicsEnvironment
	java.awt.printerjob = sun.awt.windows.WPrinterJob
	java.class.path = C:\keycloak-11.0.3\jboss-modules.jar
	java.class.version = 52.0
	java.endorsed.dirs = C:\Program Files\Java\jre1.8.0_271\lib\endorsed
	java.ext.dirs = C:\Program Files\Java\jre1.8.0_271\lib\ext;C:\Windows\Sun\Java\lib\ext
	java.home = C:\Program Files\Java\jre1.8.0_271
	java.io.tmpdir = C:\Users\Ghais\AppData\Local\Temp\
	java.library.path = C:\Program Files (x86)\Common Files\Oracle\Java\javapath;C:\Windows\Sun\Java\bin;C:\Windows\system32;C:\Windows;C:\Program Files (x86)\Common Files\Oracle\Java\javapath;C:\Windows\system32;C:\Windows;C:\Windows\System32\Wbem;C:\Windows\System32\WindowsPowerShell\v1.0\;C:\Windows\System32\OpenSSH\;C:\Program Files\Docker\Docker\resources\bin;C:\ProgramData\DockerDesktop\version-bin;C:\Users\Ghais\AppData\Local\Programs\Python\Python39;C:\Users\Ghais\AppData\Local\Programs\Python\Python39\Scripts;C:\Program Files\OpenSSL-Win64\bin;C:\Program Files\Java\jre1.8.0_271\bin;C:\Program Files\Java\jdk1.8.0_271\bin;C:\Users\Ghais\AppData\Local\Microsoft\WindowsApps;;.
	java.net.preferIPv4Stack = true
	java.runtime.name = Java(TM) SE Runtime Environment
	java.runtime.version = 1.8.0_271-b09
	java.specification.name = Java Platform API Specification
	java.specification.vendor = Oracle Corporation
	java.specification.version = 1.8
	java.util.logging.manager = org.jboss.logmanager.LogManager
	java.vendor = Oracle Corporation
	java.vendor.url = http://java.oracle.com/
	java.vendor.url.bug = http://bugreport.sun.com/bugreport/
	java.version = 1.8.0_271
	java.vm.info = mixed mode
	java.vm.name = Java HotSpot(TM) 64-Bit Server VM
	java.vm.specification.name = Java Virtual Machine Specification
	java.vm.specification.vendor = Oracle Corporation
	java.vm.specification.version = 1.8
	java.vm.vendor = Oracle Corporation
	java.vm.version = 25.271-b09
	javax.management.builder.initial = org.jboss.as.jmx.PluggableMBeanServerBuilder
	jboss.home.dir = C:\keycloak-11.0.3
	jboss.host.name = desktop-043l0qe
	jboss.modules.dir = C:\keycloak-11.0.3\modules
	jboss.modules.system.pkgs = org.jboss.byteman
	jboss.node.name = desktop-043l0qe
	jboss.qualified.host.name = desktop-043l0qe
	jboss.server.base.dir = C:\keycloak-11.0.3\standalone
	jboss.server.config.dir = C:\keycloak-11.0.3\standalone\configuration
	jboss.server.data.dir = C:\keycloak-11.0.3\standalone\data
	jboss.server.deploy.dir = C:\keycloak-11.0.3\standalone\data\content
	jboss.server.log.dir = C:\keycloak-11.0.3\standalone\log
	jboss.server.name = desktop-043l0qe
	jboss.server.persist.config = true
	jboss.server.temp.dir = C:\keycloak-11.0.3\standalone\tmp
	line.separator = 

	logging.configuration = file:C:\keycloak-11.0.3\standalone\configuration/logging.properties
	module.path = C:\keycloak-11.0.3\modules
	org.jboss.boot.log.file = C:\keycloak-11.0.3\standalone\log\server.log
	org.jboss.resolver.warning = true
	os.arch = amd64
	os.name = Windows 10
	os.version = 10.0
	path.separator = ;
	program.name = standalone.bat
	sun.arch.data.model = 64
	sun.boot.class.path = C:\Program Files\Java\jre1.8.0_271\lib\resources.jar;C:\Program Files\Java\jre1.8.0_271\lib\rt.jar;C:\Program Files\Java\jre1.8.0_271\lib\sunrsasign.jar;C:\Program Files\Java\jre1.8.0_271\lib\jsse.jar;C:\Program Files\Java\jre1.8.0_271\lib\jce.jar;C:\Program Files\Java\jre1.8.0_271\lib\charsets.jar;C:\Program Files\Java\jre1.8.0_271\lib\jfr.jar;C:\Program Files\Java\jre1.8.0_271\classes
	sun.boot.library.path = C:\Program Files\Java\jre1.8.0_271\bin
	sun.cpu.endian = little
	sun.cpu.isalist = amd64
	sun.desktop = windows
	sun.io.unicode.encoding = UnicodeLittle
	sun.java.command = C:\keycloak-11.0.3\jboss-modules.jar -mp C:\keycloak-11.0.3\modules org.jboss.as.standalone -Djboss.home.dir=C:\keycloak-11.0.3
	sun.java.launcher = SUN_STANDARD
	sun.jnu.encoding = Cp1252
	sun.management.compiler = HotSpot 64-Bit Tiered Compilers
	sun.os.patch.level = 
	sun.stderr.encoding = cp437
	sun.stdout.encoding = cp437
	user.country = US
	user.dir = C:\keycloak-11.0.3\bin
	user.home = C:\Users\Ghais
	user.language = en
	user.name = Ghais
	user.script = 
	user.timezone = Europe/Berlin
	user.variant = 
2020-12-11 05:09:07,190 DEBUG [org.jboss.as.config] (MSC service thread 1-1) VM Arguments: -Dprogram.name=standalone.bat -Xms64M -Xmx512M -XX:MetaspaceSize=96M -XX:MaxMetaspaceSize=256m -Djava.net.preferIPv4Stack=true -Djboss.modules.system.pkgs=org.jboss.byteman -Dorg.jboss.boot.log.file=C:\keycloak-11.0.3\standalone\log\server.log -Dlogging.configuration=file:C:\keycloak-11.0.3\standalone\configuration/logging.properties 
2020-12-11 05:09:07,847 INFO  [org.wildfly.security] (ServerService Thread Pool -- 20) ELY00001: WildFly Elytron version 1.12.1.Final
2020-12-11 05:09:08,290 INFO  [org.jboss.as.controller.management-deprecated] (Controller Boot Thread) WFLYCTL0028: Attribute 'security-realm' in the resource at address '/core-service=management/management-interface=http-interface' is deprecated, and may be removed in a future version. See the attribute description in the output of the read-resource-description operation to learn more about the deprecation.
2020-12-11 05:09:08,308 INFO  [org.jboss.as.controller.management-deprecated] (ServerService Thread Pool -- 25) WFLYCTL0028: Attribute 'security-realm' in the resource at address '/subsystem=undertow/server=default-server/https-listener=https' is deprecated, and may be removed in a future version. See the attribute description in the output of the read-resource-description operation to learn more about the deprecation.
2020-12-11 05:09:08,378 INFO  [org.jboss.as.server] (Controller Boot Thread) WFLYSRV0039: Creating http management service using socket-binding (management-http)
2020-12-11 05:09:08,398 INFO  [org.xnio] (MSC service thread 1-3) XNIO version 3.8.1.Final
2020-12-11 05:09:08,406 INFO  [org.xnio.nio] (MSC service thread 1-3) XNIO NIO Implementation Version 3.8.1.Final
2020-12-11 05:09:08,433 WARN  [org.jboss.as.txn] (ServerService Thread Pool -- 49) WFLYTX0013: The node-identifier attribute on the /subsystem=transactions is set to the default value. This is a danger for environments running multiple servers. Please make sure the attribute value is unique.
2020-12-11 05:09:08,436 INFO  [org.wildfly.extension.microprofile.config.smallrye._private] (ServerService Thread Pool -- 51) WFLYCONF0001: Activating WildFly MicroProfile Config Subsystem
2020-12-11 05:09:08,450 INFO  [org.jboss.as.naming] (ServerService Thread Pool -- 43) WFLYNAM0001: Activating Naming Subsystem
2020-12-11 05:09:08,459 INFO  [org.wildfly.extension.microprofile.metrics.smallrye] (ServerService Thread Pool -- 53) WFLYMETRICS0001: Activating Eclipse MicroProfile Metrics Subsystem
2020-12-11 05:09:08,461 INFO  [org.jboss.as.jaxrs] (ServerService Thread Pool -- 38) WFLYRS0016: RESTEasy version 3.12.1.Final
2020-12-11 05:09:08,462 INFO  [org.jboss.as.security] (ServerService Thread Pool -- 48) WFLYSEC0002: Activating Security Subsystem
2020-12-11 05:09:08,466 INFO  [org.jboss.as.clustering.infinispan] (ServerService Thread Pool -- 37) WFLYCLINF0001: Activating Infinispan subsystem.
2020-12-11 05:09:08,479 INFO  [org.wildfly.extension.microprofile.health.smallrye] (ServerService Thread Pool -- 52) WFLYHEALTH0001: Activating Eclipse MicroProfile Health Subsystem
2020-12-11 05:09:08,486 INFO  [org.jboss.as.security] (MSC service thread 1-6) WFLYSEC0001: Current PicketBox version=5.0.3.Final-redhat-00005
2020-12-11 05:09:08,494 INFO  [org.wildfly.extension.undertow] (MSC service thread 1-8) WFLYUT0003: Undertow 2.1.3.Final starting
2020-12-11 05:09:08,525 INFO  [org.wildfly.extension.io] (ServerService Thread Pool -- 36) WFLYIO001: Worker 'default' has auto-configured to 16 IO threads with 128 max task threads based on your 8 available processors
2020-12-11 05:09:08,547 WARN  [org.wildfly.clustering.web.undertow] (ServerService Thread Pool -- 54) WFLYCLWEBUT0007: No routing provider found for default-server; using legacy provider based on static configuration
2020-12-11 05:09:08,556 INFO  [org.jboss.as.connector] (MSC service thread 1-6) WFLYJCA0009: Starting JCA Subsystem (WildFly/IronJacamar 1.4.22.Final)
2020-12-11 05:09:08,563 INFO  [org.jboss.as.connector.subsystems.datasources] (ServerService Thread Pool -- 32) WFLYJCA0004: Deploying JDBC-compliant driver class org.h2.Driver (version 1.4)
2020-12-11 05:09:08,606 INFO  [org.jboss.as.connector.deployers.jdbc] (MSC service thread 1-6) WFLYJCA0018: Started Driver service with driver-name = h2
2020-12-11 05:09:08,607 INFO  [org.jboss.as.naming] (MSC service thread 1-6) WFLYNAM0003: Starting Naming Service
2020-12-11 05:09:08,646 INFO  [org.jboss.as.mail.extension] (MSC service thread 1-2) WFLYMAIL0001: Bound mail session [java:jboss/mail/Default]
2020-12-11 05:09:08,801 INFO  [org.wildfly.extension.undertow] (ServerService Thread Pool -- 54) WFLYUT0014: Creating file handler for path 'C:\keycloak-11.0.3/welcome-content' with options [directory-listing: 'false', follow-symlink: 'false', case-sensitive: 'true', safe-symlink-paths: '[]']
2020-12-11 05:09:08,809 INFO  [org.jboss.remoting] (MSC service thread 1-6) JBoss Remoting version 5.0.18.Final
2020-12-11 05:09:08,850 INFO  [org.wildfly.extension.undertow] (MSC service thread 1-6) WFLYUT0012: Started server default-server.
2020-12-11 05:09:08,857 INFO  [org.jboss.as.ejb3] (MSC service thread 1-2) WFLYEJB0482: Strict pool mdb-strict-max-pool is using a max instance size of 32 (per class), which is derived from the number of CPUs on this host.
2020-12-11 05:09:08,862 INFO  [org.wildfly.extension.undertow] (MSC service thread 1-2) WFLYUT0018: Host default-host starting
2020-12-11 05:09:08,857 INFO  [org.jboss.as.ejb3] (MSC service thread 1-7) WFLYEJB0481: Strict pool slsb-strict-max-pool is using a max instance size of 128 (per class), which is derived from thread worker pool sizing.
2020-12-11 05:09:08,982 INFO  [org.jboss.as.patching] (MSC service thread 1-3) WFLYPAT0050: Keycloak cumulative patch ID is: base, one-off patches include: none
2020-12-11 05:09:08,996 WARN  [org.jboss.as.domain.management.security] (MSC service thread 1-3) WFLYDM0111: Keystore C:\keycloak-11.0.3\standalone\configuration\application.keystore not found, it will be auto generated on first use with a self signed certificate for host localhost
2020-12-11 05:09:09,005 INFO  [org.jboss.as.server.deployment.scanner] (MSC service thread 1-6) WFLYDS0013: Started FileSystemDeploymentService for directory C:\keycloak-11.0.3\standalone\deployments
2020-12-11 05:09:09,013 INFO  [org.jboss.as.server.deployment] (MSC service thread 1-8) WFLYSRV0027: Starting deployment of "keycloak-server.war" (runtime-name: "keycloak-server.war")
2020-12-11 05:09:09,093 INFO  [org.wildfly.extension.undertow] (MSC service thread 1-8) WFLYUT0006: Undertow HTTP listener default listening on 127.0.0.1:8080
2020-12-11 05:09:09,140 INFO  [org.jboss.as.ejb3] (MSC service thread 1-5) WFLYEJB0493: EJB subsystem suspension complete
2020-12-11 05:09:09,213 INFO  [org.jboss.as.connector.subsystems.datasources] (MSC service thread 1-1) WFLYJCA0001: Bound data source [java:jboss/datasources/KeycloakDS]
2020-12-11 05:09:09,213 INFO  [org.jboss.as.connector.subsystems.datasources] (MSC service thread 1-2) WFLYJCA0001: Bound data source [java:jboss/datasources/ExampleDS]
2020-12-11 05:09:09,472 INFO  [org.wildfly.extension.undertow] (MSC service thread 1-2) WFLYUT0006: Undertow HTTPS listener https listening on 127.0.0.1:8443
2020-12-11 05:09:09,746 INFO  [org.infinispan.PERSISTENCE] (MSC service thread 1-3) ISPN000556: Starting user marshaller 'org.wildfly.clustering.infinispan.marshalling.jboss.JBossMarshaller'
2020-12-11 05:09:09,746 INFO  [org.infinispan.PERSISTENCE] (MSC service thread 1-5) ISPN000556: Starting user marshaller 'org.wildfly.clustering.infinispan.marshalling.jboss.JBossMarshaller'
2020-12-11 05:09:09,764 INFO  [org.infinispan.CONTAINER] (MSC service thread 1-5) ISPN000128: Infinispan version: Infinispan 'Turia' 10.1.8.Final
2020-12-11 05:09:09,940 INFO  [org.jboss.as.clustering.infinispan] (ServerService Thread Pool -- 68) WFLYCLINF0002: Started offlineClientSessions cache from keycloak container
2020-12-11 05:09:09,940 INFO  [org.jboss.as.clustering.infinispan] (ServerService Thread Pool -- 63) WFLYCLINF0002: Started work cache from keycloak container
2020-12-11 05:09:09,940 INFO  [org.jboss.as.clustering.infinispan] (ServerService Thread Pool -- 67) WFLYCLINF0002: Started authenticationSessions cache from keycloak container
2020-12-11 05:09:09,941 INFO  [org.jboss.as.clustering.infinispan] (ServerService Thread Pool -- 60) WFLYCLINF0002: Started offlineSessions cache from keycloak container
2020-12-11 05:09:09,941 INFO  [org.jboss.as.clustering.infinispan] (ServerService Thread Pool -- 62) WFLYCLINF0002: Started actionTokens cache from keycloak container
2020-12-11 05:09:09,942 INFO  [org.jboss.as.clustering.infinispan] (ServerService Thread Pool -- 59) WFLYCLINF0002: Started clientSessions cache from keycloak container
2020-12-11 05:09:09,944 INFO  [org.jboss.as.clustering.infinispan] (ServerService Thread Pool -- 65) WFLYCLINF0002: Started loginFailures cache from keycloak container
2020-12-11 05:09:09,944 INFO  [org.jboss.as.clustering.infinispan] (ServerService Thread Pool -- 66) WFLYCLINF0002: Started sessions cache from keycloak container
2020-12-11 05:09:09,945 INFO  [org.jboss.as.clustering.infinispan] (ServerService Thread Pool -- 56) WFLYCLINF0002: Started client-mappings cache from ejb container
2020-12-11 05:09:09,980 INFO  [org.jboss.as.clustering.infinispan] (ServerService Thread Pool -- 57) WFLYCLINF0002: Started authorization cache from keycloak container
2020-12-11 05:09:09,980 INFO  [org.jboss.as.clustering.infinispan] (ServerService Thread Pool -- 58) WFLYCLINF0002: Started keys cache from keycloak container
2020-12-11 05:09:09,980 INFO  [org.jboss.as.clustering.infinispan] (ServerService Thread Pool -- 64) WFLYCLINF0002: Started users cache from keycloak container
2020-12-11 05:09:09,981 INFO  [org.jboss.as.clustering.infinispan] (ServerService Thread Pool -- 61) WFLYCLINF0002: Started realms cache from keycloak container
2020-12-11 05:09:10,103 WARN  [org.jboss.as.server.deployment] (MSC service thread 1-7) WFLYSRV0273: Excluded subsystem webservices via jboss-deployment-structure.xml does not exist.
2020-12-11 05:09:10,614 INFO  [org.keycloak.services] (ServerService Thread Pool -- 57) KC-SERVICES0001: Loading config from standalone.xml or domain.xml
2020-12-11 05:09:10,948 INFO  [org.keycloak.url.DefaultHostnameProviderFactory] (ServerService Thread Pool -- 57) Frontend: <request>, Admin: <frontend>, Backend: <request>
2020-12-11 05:09:11,165 INFO  [org.jboss.as.clustering.infinispan] (ServerService Thread Pool -- 57) WFLYCLINF0002: Started realmRevisions cache from keycloak container
2020-12-11 05:09:11,169 INFO  [org.jboss.as.clustering.infinispan] (ServerService Thread Pool -- 57) WFLYCLINF0002: Started userRevisions cache from keycloak container
2020-12-11 05:09:11,173 INFO  [org.jboss.as.clustering.infinispan] (ServerService Thread Pool -- 57) WFLYCLINF0002: Started authorizationRevisions cache from keycloak container
2020-12-11 05:09:11,174 INFO  [org.keycloak.connections.infinispan.DefaultInfinispanConnectionProviderFactory] (ServerService Thread Pool -- 57) Node name: desktop-043l0qe, Site name: null
2020-12-11 05:09:13,648 INFO  [org.keycloak.connections.jpa.updater.liquibase.LiquibaseJpaUpdaterProvider] (ServerService Thread Pool -- 57) Initializing database schema. Using changelog META-INF/jpa-changelog-master.xml
2020-12-11 05:09:14,894 INFO  [org.hibernate.jpa.internal.util.LogHelper] (ServerService Thread Pool -- 57) HHH000204: Processing PersistenceUnitInfo [
	name: keycloak-default
	...]
2020-12-11 05:09:14,971 INFO  [org.hibernate.Version] (ServerService Thread Pool -- 57) HHH000412: Hibernate Core {5.3.17.Final}
2020-12-11 05:09:14,974 INFO  [org.hibernate.cfg.Environment] (ServerService Thread Pool -- 57) HHH000206: hibernate.properties not found
2020-12-11 05:09:15,160 INFO  [org.hibernate.annotations.common.Version] (ServerService Thread Pool -- 57) HCANN000001: Hibernate Commons Annotations {5.0.5.Final}
2020-12-11 05:09:15,354 INFO  [org.hibernate.dialect.Dialect] (ServerService Thread Pool -- 57) HHH000400: Using dialect: org.hibernate.dialect.H2Dialect
2020-12-11 05:09:15,363 WARN  [org.hibernate.dialect.H2Dialect] (ServerService Thread Pool -- 57) HHH000431: Unable to determine H2 database version, certain features may not work
2020-12-11 05:09:15,400 INFO  [org.hibernate.envers.boot.internal.EnversServiceImpl] (ServerService Thread Pool -- 57) Envers integration enabled? : true
2020-12-11 05:09:15,883 INFO  [org.hibernate.orm.beans] (ServerService Thread Pool -- 57) HHH10005002: No explicit CDI BeanManager reference was passed to Hibernate, but CDI is available on the Hibernate ClassLoader.
2020-12-11 05:09:15,945 INFO  [org.hibernate.validator.internal.util.Version] (ServerService Thread Pool -- 57) HV000001: Hibernate Validator 6.0.20.Final
2020-12-11 05:09:17,144 INFO  [org.hibernate.hql.internal.QueryTranslatorFactoryInitiator] (ServerService Thread Pool -- 57) HHH000397: Using ASTQueryTranslatorFactory
2020-12-11 05:09:17,738 INFO  [org.keycloak.services] (ServerService Thread Pool -- 57) KC-SERVICES0050: Initializing master realm
2020-12-11 05:09:19,027 INFO  [org.jboss.resteasy.resteasy_jaxrs.i18n] (ServerService Thread Pool -- 57) RESTEASY002225: Deploying javax.ws.rs.core.Application: class org.keycloak.services.resources.KeycloakApplication
2020-12-11 05:09:19,030 INFO  [org.jboss.resteasy.resteasy_jaxrs.i18n] (ServerService Thread Pool -- 57) RESTEASY002200: Adding class resource org.keycloak.services.resources.JsResource from Application class org.keycloak.services.resources.KeycloakApplication
2020-12-11 05:09:19,030 INFO  [org.jboss.resteasy.resteasy_jaxrs.i18n] (ServerService Thread Pool -- 57) RESTEASY002200: Adding class resource org.keycloak.services.resources.ThemeResource from Application class org.keycloak.services.resources.KeycloakApplication
2020-12-11 05:09:19,031 INFO  [org.jboss.resteasy.resteasy_jaxrs.i18n] (ServerService Thread Pool -- 57) RESTEASY002205: Adding provider class org.keycloak.services.error.KeycloakErrorHandler from Application class org.keycloak.services.resources.KeycloakApplication
2020-12-11 05:09:19,034 INFO  [org.jboss.resteasy.resteasy_jaxrs.i18n] (ServerService Thread Pool -- 57) RESTEASY002205: Adding provider class org.keycloak.services.filters.KeycloakSecurityHeadersFilter from Application class org.keycloak.services.resources.KeycloakApplication
2020-12-11 05:09:19,035 INFO  [org.jboss.resteasy.resteasy_jaxrs.i18n] (ServerService Thread Pool -- 57) RESTEASY002220: Adding singleton resource org.keycloak.services.resources.WelcomeResource from Application class org.keycloak.services.resources.KeycloakApplication
2020-12-11 05:09:19,035 INFO  [org.jboss.resteasy.resteasy_jaxrs.i18n] (ServerService Thread Pool -- 57) RESTEASY002210: Adding provider singleton org.keycloak.services.util.ObjectMapperResolver from Application class org.keycloak.services.resources.KeycloakApplication
2020-12-11 05:09:19,036 INFO  [org.jboss.resteasy.resteasy_jaxrs.i18n] (ServerService Thread Pool -- 57) RESTEASY002220: Adding singleton resource org.keycloak.services.resources.RealmsResource from Application class org.keycloak.services.resources.KeycloakApplication
2020-12-11 05:09:19,036 INFO  [org.jboss.resteasy.resteasy_jaxrs.i18n] (ServerService Thread Pool -- 57) RESTEASY002220: Adding singleton resource org.keycloak.services.resources.RobotsResource from Application class org.keycloak.services.resources.KeycloakApplication
2020-12-11 05:09:19,037 INFO  [org.jboss.resteasy.resteasy_jaxrs.i18n] (ServerService Thread Pool -- 57) RESTEASY002220: Adding singleton resource org.keycloak.services.resources.admin.AdminRoot from Application class org.keycloak.services.resources.KeycloakApplication
2020-12-11 05:09:19,168 INFO  [org.wildfly.extension.undertow] (ServerService Thread Pool -- 57) WFLYUT0021: Registered web context: '/auth' for server 'default-server'
2020-12-11 05:09:19,250 INFO  [org.jboss.as.server] (ServerService Thread Pool -- 55) WFLYSRV0010: Deployed "keycloak-server.war" (runtime-name : "keycloak-server.war")
2020-12-11 05:09:19,323 INFO  [org.jboss.as.server] (Controller Boot Thread) WFLYSRV0212: Resuming server
2020-12-11 05:09:19,327 INFO  [org.jboss.as] (Controller Boot Thread) WFLYSRV0025: Keycloak 11.0.3 (WildFly Core 12.0.3.Final) started in 13486ms - Started 588 of 886 services (601 services are lazy, passive or on-demand)
2020-12-11 05:09:19,330 INFO  [org.jboss.as] (Controller Boot Thread) WFLYSRV0060: Http management interface listening on http://127.0.0.1:9990/management
2020-12-11 05:09:19,331 INFO  [org.jboss.as] (Controller Boot Thread) WFLYSRV0051: Admin console listening on http://127.0.0.1:9990
2020-12-11 05:09:53,556 INFO  [org.keycloak.services] (default task-3) KC-SERVICES0077: Created initial admin user with username admin
2020-12-11 05:10:00,625 INFO  [org.keycloak.keys.DefaultKeyManager] (default task-4) No keys found for realm=master and algorithm=HS256 for use=SIG. Generating keys.
2020-12-11 05:10:03,176 INFO  [org.keycloak.keys.DefaultKeyManager] (default task-4) No keys found for realm=master and algorithm=RS256 for use=SIG. Generating keys.
2020-12-11 05:40:44,281 WARN  [org.keycloak.events] (default task-18) type=REFRESH_TOKEN_ERROR, realmId=demo, clientId=client1, userId=11070fa4-46de-4cfd-b9f8-ad884686e320, ipAddress=127.0.0.1, error=invalid_token, grant_type=refresh_token, refresh_token_type=Refresh, refresh_token_id=57f36d0d-f86e-405e-b000-d3dcbb1820ce, client_auth_method=client-secret
2020-12-11 09:36:23,755 INFO  [org.jboss.as.server.deployment.scanner] (MSC service thread 1-1) WFLYDS0013: Started FileSystemDeploymentService for directory C:\keycloak\keycloak-11.0.3\standalone\deployments
2020-12-11 09:36:23,765 INFO  [org.jboss.as.server.deployment] (MSC service thread 1-6) WFLYSRV0027: Starting deployment of "keycloak-server.war" (runtime-name: "keycloak-server.war")
2020-12-11 09:36:24,319 INFO  [org.wildfly.extension.undertow] (MSC service thread 1-7) WFLYUT0006: Undertow HTTPS listener https listening on 127.0.0.1:8443
2020-12-11 09:36:25,534 INFO  [org.infinispan.PERSISTENCE] (MSC service thread 1-7) ISPN000556: Starting user marshaller 'org.wildfly.clustering.infinispan.marshalling.jboss.JBossMarshaller'
2020-12-11 09:36:25,534 INFO  [org.infinispan.PERSISTENCE] (MSC service thread 1-1) ISPN000556: Starting user marshaller 'org.wildfly.clustering.infinispan.marshalling.jboss.JBossMarshaller'
2020-12-11 09:36:25,563 INFO  [org.infinispan.CONTAINER] (MSC service thread 1-7) ISPN000128: Infinispan version: Infinispan 'Turia' 10.1.8.Final
2020-12-11 09:36:25,794 INFO  [org.jboss.as.clustering.infinispan] (ServerService Thread Pool -- 56) WFLYCLINF0002: Started client-mappings cache from ejb container
2020-12-11 09:36:25,813 INFO  [org.jboss.as.clustering.infinispan] (ServerService Thread Pool -- 67) WFLYCLINF0002: Started authenticationSessions cache from keycloak container
2020-12-11 09:36:25,814 INFO  [org.jboss.as.clustering.infinispan] (ServerService Thread Pool -- 65) WFLYCLINF0002: Started clientSessions cache from keycloak container
2020-12-11 09:36:25,814 INFO  [org.jboss.as.clustering.infinispan] (ServerService Thread Pool -- 68) WFLYCLINF0002: Started offlineSessions cache from keycloak container
2020-12-11 09:36:25,812 INFO  [org.jboss.as.clustering.infinispan] (ServerService Thread Pool -- 57) WFLYCLINF0002: Started sessions cache from keycloak container
2020-12-11 09:36:25,815 INFO  [org.jboss.as.clustering.infinispan] (ServerService Thread Pool -- 58) WFLYCLINF0002: Started offlineClientSessions cache from keycloak container
2020-12-11 09:36:25,816 INFO  [org.jboss.as.clustering.infinispan] (ServerService Thread Pool -- 66) WFLYCLINF0002: Started actionTokens cache from keycloak container
2020-12-11 09:36:25,817 INFO  [org.jboss.as.clustering.infinispan] (ServerService Thread Pool -- 64) WFLYCLINF0002: Started loginFailures cache from keycloak container
2020-12-11 09:36:25,819 INFO  [org.jboss.as.clustering.infinispan] (ServerService Thread Pool -- 59) WFLYCLINF0002: Started work cache from keycloak container
2020-12-11 09:36:25,857 INFO  [org.jboss.as.clustering.infinispan] (ServerService Thread Pool -- 62) WFLYCLINF0002: Started realms cache from keycloak container
2020-12-11 09:36:25,857 INFO  [org.jboss.as.clustering.infinispan] (ServerService Thread Pool -- 63) WFLYCLINF0002: Started keys cache from keycloak container
2020-12-11 09:36:25,857 INFO  [org.jboss.as.clustering.infinispan] (ServerService Thread Pool -- 61) WFLYCLINF0002: Started users cache from keycloak container
2020-12-11 09:36:25,857 INFO  [org.jboss.as.clustering.infinispan] (ServerService Thread Pool -- 60) WFLYCLINF0002: Started authorization cache from keycloak container
2020-12-11 09:36:26,359 WARN  [org.jboss.as.server.deployment] (MSC service thread 1-4) WFLYSRV0273: Excluded subsystem webservices via jboss-deployment-structure.xml does not exist.
2020-12-11 09:36:27,166 INFO  [org.keycloak.services] (ServerService Thread Pool -- 56) KC-SERVICES0001: Loading config from standalone.xml or domain.xml
2020-12-11 09:36:27,625 INFO  [org.keycloak.url.DefaultHostnameProviderFactory] (ServerService Thread Pool -- 56) Frontend: <request>, Admin: <frontend>, Backend: <request>
2020-12-11 09:36:27,851 INFO  [org.jboss.as.clustering.infinispan] (ServerService Thread Pool -- 56) WFLYCLINF0002: Started realmRevisions cache from keycloak container
2020-12-11 09:36:27,854 INFO  [org.jboss.as.clustering.infinispan] (ServerService Thread Pool -- 56) WFLYCLINF0002: Started userRevisions cache from keycloak container
2020-12-11 09:36:27,857 INFO  [org.jboss.as.clustering.infinispan] (ServerService Thread Pool -- 56) WFLYCLINF0002: Started authorizationRevisions cache from keycloak container
2020-12-11 09:36:27,859 INFO  [org.keycloak.connections.infinispan.DefaultInfinispanConnectionProviderFactory] (ServerService Thread Pool -- 56) Node name: desktop-043l0qe, Site name: null
2020-12-11 09:36:34,190 INFO  [org.hibernate.jpa.internal.util.LogHelper] (ServerService Thread Pool -- 56) HHH000204: Processing PersistenceUnitInfo [
	name: keycloak-default
	...]
2020-12-11 09:36:34,287 INFO  [org.hibernate.Version] (ServerService Thread Pool -- 56) HHH000412: Hibernate Core {5.3.17.Final}
2020-12-11 09:36:34,290 INFO  [org.hibernate.cfg.Environment] (ServerService Thread Pool -- 56) HHH000206: hibernate.properties not found
2020-12-11 09:36:34,504 INFO  [org.hibernate.annotations.common.Version] (ServerService Thread Pool -- 56) HCANN000001: Hibernate Commons Annotations {5.0.5.Final}
2020-12-11 09:36:34,725 INFO  [org.hibernate.dialect.Dialect] (ServerService Thread Pool -- 56) HHH000400: Using dialect: org.hibernate.dialect.H2Dialect
2020-12-11 09:36:34,734 WARN  [org.hibernate.dialect.H2Dialect] (ServerService Thread Pool -- 56) HHH000431: Unable to determine H2 database version, certain features may not work
2020-12-11 09:36:34,783 INFO  [org.hibernate.envers.boot.internal.EnversServiceImpl] (ServerService Thread Pool -- 56) Envers integration enabled? : true
2020-12-11 09:36:35,327 INFO  [org.hibernate.orm.beans] (ServerService Thread Pool -- 56) HHH10005002: No explicit CDI BeanManager reference was passed to Hibernate, but CDI is available on the Hibernate ClassLoader.
2020-12-11 09:36:35,386 INFO  [org.hibernate.validator.internal.util.Version] (ServerService Thread Pool -- 56) HV000001: Hibernate Validator 6.0.20.Final
2020-12-11 09:36:36,860 INFO  [org.hibernate.hql.internal.QueryTranslatorFactoryInitiator] (ServerService Thread Pool -- 56) HHH000397: Using ASTQueryTranslatorFactory
2020-12-11 09:36:37,627 INFO  [org.jboss.resteasy.resteasy_jaxrs.i18n] (ServerService Thread Pool -- 56) RESTEASY002225: Deploying javax.ws.rs.core.Application: class org.keycloak.services.resources.KeycloakApplication
2020-12-11 09:36:37,630 INFO  [org.jboss.resteasy.resteasy_jaxrs.i18n] (ServerService Thread Pool -- 56) RESTEASY002205: Adding provider class org.keycloak.services.error.KeycloakErrorHandler from Application class org.keycloak.services.resources.KeycloakApplication
2020-12-11 09:36:37,631 INFO  [org.jboss.resteasy.resteasy_jaxrs.i18n] (ServerService Thread Pool -- 56) RESTEASY002205: Adding provider class org.keycloak.services.filters.KeycloakSecurityHeadersFilter from Application class org.keycloak.services.resources.KeycloakApplication
2020-12-11 09:36:37,632 INFO  [org.jboss.resteasy.resteasy_jaxrs.i18n] (ServerService Thread Pool -- 56) RESTEASY002200: Adding class resource org.keycloak.services.resources.ThemeResource from Application class org.keycloak.services.resources.KeycloakApplication
2020-12-11 09:36:37,633 INFO  [org.jboss.resteasy.resteasy_jaxrs.i18n] (ServerService Thread Pool -- 56) RESTEASY002200: Adding class resource org.keycloak.services.resources.JsResource from Application class org.keycloak.services.resources.KeycloakApplication
2020-12-11 09:36:37,633 INFO  [org.jboss.resteasy.resteasy_jaxrs.i18n] (ServerService Thread Pool -- 56) RESTEASY002220: Adding singleton resource org.keycloak.services.resources.RealmsResource from Application class org.keycloak.services.resources.KeycloakApplication
2020-12-11 09:36:37,634 INFO  [org.jboss.resteasy.resteasy_jaxrs.i18n] (ServerService Thread Pool -- 56) RESTEASY002220: Adding singleton resource org.keycloak.services.resources.admin.AdminRoot from Application class org.keycloak.services.resources.KeycloakApplication
2020-12-11 09:36:37,634 INFO  [org.jboss.resteasy.resteasy_jaxrs.i18n] (ServerService Thread Pool -- 56) RESTEASY002220: Adding singleton resource org.keycloak.services.resources.RobotsResource from Application class org.keycloak.services.resources.KeycloakApplication
2020-12-11 09:36:37,635 INFO  [org.jboss.resteasy.resteasy_jaxrs.i18n] (ServerService Thread Pool -- 56) RESTEASY002210: Adding provider singleton org.keycloak.services.util.ObjectMapperResolver from Application class org.keycloak.services.resources.KeycloakApplication
2020-12-11 09:36:37,635 INFO  [org.jboss.resteasy.resteasy_jaxrs.i18n] (ServerService Thread Pool -- 56) RESTEASY002220: Adding singleton resource org.keycloak.services.resources.WelcomeResource from Application class org.keycloak.services.resources.KeycloakApplication
2020-12-11 09:36:37,966 INFO  [org.wildfly.extension.undertow] (ServerService Thread Pool -- 56) WFLYUT0021: Registered web context: '/auth' for server 'default-server'
2020-12-11 09:36:38,031 INFO  [org.jboss.as.server] (ServerService Thread Pool -- 55) WFLYSRV0010: Deployed "keycloak-server.war" (runtime-name : "keycloak-server.war")
2020-12-11 09:36:38,085 INFO  [org.jboss.as.server] (Controller Boot Thread) WFLYSRV0212: Resuming server
2020-12-11 09:36:38,088 INFO  [org.jboss.as] (Controller Boot Thread) WFLYSRV0025: Keycloak 11.0.3 (WildFly Core 12.0.3.Final) started in 28562ms - Started 588 of 886 services (601 services are lazy, passive or on-demand)
2020-12-11 09:36:38,092 INFO  [org.jboss.as] (Controller Boot Thread) WFLYSRV0060: Http management interface listening on http://127.0.0.1:9990/management
2020-12-11 09:36:38,093 INFO  [org.jboss.as] (Controller Boot Thread) WFLYSRV0051: Admin console listening on http://127.0.0.1:9990
2020-12-11 13:43:58,903 INFO  [org.jboss.modules] (main) JBoss Modules version 1.10.1.Final
2020-12-11 13:44:00,536 INFO  [org.jboss.msc] (main) JBoss MSC version 1.4.11.Final
2020-12-11 13:44:00,558 INFO  [org.jboss.threads] (main) JBoss Threads version 2.3.3.Final
2020-12-11 13:44:00,680 INFO  [org.jboss.as] (MSC service thread 1-1) WFLYSRV0049: Keycloak 11.0.3 (WildFly Core 12.0.3.Final) starting
2020-12-11 13:44:00,680 DEBUG [org.jboss.as.config] (MSC service thread 1-1) Configured system properties:
	awt.toolkit = sun.awt.windows.WToolkit
	file.encoding = Cp1252
	file.encoding.pkg = sun.io
	file.separator = \
	java.awt.graphicsenv = sun.awt.Win32GraphicsEnvironment
	java.awt.printerjob = sun.awt.windows.WPrinterJob
	java.class.path = C:\keycloak\keycloak-11.0.3\jboss-modules.jar
	java.class.version = 52.0
	java.endorsed.dirs = C:\Program Files\Java\jre1.8.0_271\lib\endorsed
	java.ext.dirs = C:\Program Files\Java\jre1.8.0_271\lib\ext;C:\Windows\Sun\Java\lib\ext
	java.home = C:\Program Files\Java\jre1.8.0_271
	java.io.tmpdir = C:\Users\Ghais\AppData\Local\Temp\
	java.library.path = C:\Program Files (x86)\Common Files\Oracle\Java\javapath;C:\Windows\Sun\Java\bin;C:\Windows\system32;C:\Windows;C:\Program Files (x86)\Common Files\Oracle\Java\javapath;C:\Windows\system32;C:\Windows;C:\Windows\System32\Wbem;C:\Windows\System32\WindowsPowerShell\v1.0\;C:\Windows\System32\OpenSSH\;C:\Program Files\Docker\Docker\resources\bin;C:\ProgramData\DockerDesktop\version-bin;C:\Users\Ghais\AppData\Local\Programs\Python\Python39;C:\Users\Ghais\AppData\Local\Programs\Python\Python39\Scripts;C:\Program Files\OpenSSL-Win64\bin;C:\Program Files\Java\jre1.8.0_271\bin;C:\Program Files\Java\jdk1.8.0_271\bin;C:\Users\Ghais\AppData\Local\Microsoft\WindowsApps;;.
	java.net.preferIPv4Stack = true
	java.runtime.name = Java(TM) SE Runtime Environment
	java.runtime.version = 1.8.0_271-b09
	java.specification.name = Java Platform API Specification
	java.specification.vendor = Oracle Corporation
	java.specification.version = 1.8
	java.util.logging.manager = org.jboss.logmanager.LogManager
	java.vendor = Oracle Corporation
	java.vendor.url = http://java.oracle.com/
	java.vendor.url.bug = http://bugreport.sun.com/bugreport/
	java.version = 1.8.0_271
	java.vm.info = mixed mode
	java.vm.name = Java HotSpot(TM) 64-Bit Server VM
	java.vm.specification.name = Java Virtual Machine Specification
	java.vm.specification.vendor = Oracle Corporation
	java.vm.specification.version = 1.8
	java.vm.vendor = Oracle Corporation
	java.vm.version = 25.271-b09
	javax.management.builder.initial = org.jboss.as.jmx.PluggableMBeanServerBuilder
	jboss.home.dir = C:\keycloak\keycloak-11.0.3
	jboss.host.name = desktop-043l0qe
	jboss.modules.dir = C:\keycloak\keycloak-11.0.3\modules
	jboss.modules.system.pkgs = org.jboss.byteman
	jboss.node.name = desktop-043l0qe
	jboss.qualified.host.name = desktop-043l0qe
	jboss.server.base.dir = C:\keycloak\keycloak-11.0.3\standalone
	jboss.server.config.dir = C:\keycloak\keycloak-11.0.3\standalone\configuration
	jboss.server.data.dir = C:\keycloak\keycloak-11.0.3\standalone\data
	jboss.server.deploy.dir = C:\keycloak\keycloak-11.0.3\standalone\data\content
	jboss.server.log.dir = C:\keycloak\keycloak-11.0.3\standalone\log
	jboss.server.name = desktop-043l0qe
	jboss.server.persist.config = true
	jboss.server.temp.dir = C:\keycloak\keycloak-11.0.3\standalone\tmp
	line.separator = 

	logging.configuration = file:C:\keycloak\keycloak-11.0.3\standalone\configuration/logging.properties
	module.path = C:\keycloak\keycloak-11.0.3\modules
	org.jboss.boot.log.file = C:\keycloak\keycloak-11.0.3\standalone\log\server.log
	org.jboss.resolver.warning = true
	os.arch = amd64
	os.name = Windows 10
	os.version = 10.0
	path.separator = ;
	program.name = standalone.bat
	sun.arch.data.model = 64
	sun.boot.class.path = C:\Program Files\Java\jre1.8.0_271\lib\resources.jar;C:\Program Files\Java\jre1.8.0_271\lib\rt.jar;C:\Program Files\Java\jre1.8.0_271\lib\sunrsasign.jar;C:\Program Files\Java\jre1.8.0_271\lib\jsse.jar;C:\Program Files\Java\jre1.8.0_271\lib\jce.jar;C:\Program Files\Java\jre1.8.0_271\lib\charsets.jar;C:\Program Files\Java\jre1.8.0_271\lib\jfr.jar;C:\Program Files\Java\jre1.8.0_271\classes
	sun.boot.library.path = C:\Program Files\Java\jre1.8.0_271\bin
	sun.cpu.endian = little
	sun.cpu.isalist = amd64
	sun.desktop = windows
	sun.io.unicode.encoding = UnicodeLittle
	sun.java.command = C:\keycloak\keycloak-11.0.3\jboss-modules.jar -mp C:\keycloak\keycloak-11.0.3\modules org.jboss.as.standalone -Djboss.home.dir=C:\keycloak\keycloak-11.0.3
	sun.java.launcher = SUN_STANDARD
	sun.jnu.encoding = Cp1252
	sun.management.compiler = HotSpot 64-Bit Tiered Compilers
	sun.os.patch.level = 
	sun.stderr.encoding = cp437
	sun.stdout.encoding = cp437
	user.country = US
	user.dir = C:\keycloak\keycloak-11.0.3\bin
	user.home = C:\Users\Ghais
	user.language = en
	user.name = Ghais
	user.script = 
	user.timezone = Europe/Berlin
	user.variant = 
2020-12-11 13:44:00,680 DEBUG [org.jboss.as.config] (MSC service thread 1-1) VM Arguments: -Dprogram.name=standalone.bat -Xms64M -Xmx512M -XX:MetaspaceSize=96M -XX:MaxMetaspaceSize=256m -Djava.net.preferIPv4Stack=true -Djboss.modules.system.pkgs=org.jboss.byteman -Dorg.jboss.boot.log.file=C:\keycloak\keycloak-11.0.3\standalone\log\server.log -Dlogging.configuration=file:C:\keycloak\keycloak-11.0.3\standalone\configuration/logging.properties 
2020-12-11 13:44:02,128 INFO  [org.wildfly.security] (ServerService Thread Pool -- 20) ELY00001: WildFly Elytron version 1.12.1.Final
2020-12-11 13:44:03,746 INFO  [org.jboss.as.controller.management-deprecated] (Controller Boot Thread) WFLYCTL0028: Attribute 'security-realm' in the resource at address '/core-service=management/management-interface=http-interface' is deprecated, and may be removed in a future version. See the attribute description in the output of the read-resource-description operation to learn more about the deprecation.
2020-12-11 13:44:03,765 INFO  [org.jboss.as.controller.management-deprecated] (ServerService Thread Pool -- 15) WFLYCTL0028: Attribute 'security-realm' in the resource at address '/subsystem=undertow/server=default-server/https-listener=https' is deprecated, and may be removed in a future version. See the attribute description in the output of the read-resource-description operation to learn more about the deprecation.
2020-12-11 13:44:03,853 INFO  [org.jboss.as.server] (Controller Boot Thread) WFLYSRV0039: Creating http management service using socket-binding (management-http)
2020-12-11 13:44:03,875 INFO  [org.xnio] (MSC service thread 1-2) XNIO version 3.8.1.Final
2020-12-11 13:44:03,875 INFO  [org.xnio.nio] (MSC service thread 1-2) XNIO NIO Implementation Version 3.8.1.Final
2020-12-11 13:44:03,906 WARN  [org.jboss.as.txn] (ServerService Thread Pool -- 49) WFLYTX0013: The node-identifier attribute on the /subsystem=transactions is set to the default value. This is a danger for environments running multiple servers. Please make sure the attribute value is unique.
2020-12-11 13:44:03,922 INFO  [org.jboss.as.clustering.infinispan] (ServerService Thread Pool -- 37) WFLYCLINF0001: Activating Infinispan subsystem.
2020-12-11 13:44:03,922 INFO  [org.jboss.as.naming] (ServerService Thread Pool -- 43) WFLYNAM0001: Activating Naming Subsystem
2020-12-11 13:44:03,937 INFO  [org.wildfly.extension.microprofile.config.smallrye._private] (ServerService Thread Pool -- 51) WFLYCONF0001: Activating WildFly MicroProfile Config Subsystem
2020-12-11 13:44:03,953 INFO  [org.wildfly.extension.microprofile.metrics.smallrye] (ServerService Thread Pool -- 53) WFLYMETRICS0001: Activating Eclipse MicroProfile Metrics Subsystem
2020-12-11 13:44:03,969 INFO  [org.jboss.as.security] (ServerService Thread Pool -- 48) WFLYSEC0002: Activating Security Subsystem
2020-12-11 13:44:03,975 INFO  [org.jboss.as.security] (MSC service thread 1-7) WFLYSEC0001: Current PicketBox version=5.0.3.Final-redhat-00005
2020-12-11 13:44:03,991 INFO  [org.wildfly.extension.microprofile.health.smallrye] (ServerService Thread Pool -- 52) WFLYHEALTH0001: Activating Eclipse MicroProfile Health Subsystem
2020-12-11 13:44:04,025 INFO  [org.jboss.as.connector] (MSC service thread 1-3) WFLYJCA0009: Starting JCA Subsystem (WildFly/IronJacamar 1.4.22.Final)
2020-12-11 13:44:04,088 INFO  [org.wildfly.extension.undertow] (MSC service thread 1-5) WFLYUT0003: Undertow 2.1.3.Final starting
2020-12-11 13:44:04,148 INFO  [org.jboss.as.connector.subsystems.datasources] (ServerService Thread Pool -- 32) WFLYJCA0004: Deploying JDBC-compliant driver class org.h2.Driver (version 1.4)
2020-12-11 13:44:04,229 INFO  [org.jboss.as.connector.deployers.jdbc] (MSC service thread 1-7) WFLYJCA0018: Started Driver service with driver-name = h2
2020-12-11 13:44:04,250 INFO  [org.jboss.as.jaxrs] (ServerService Thread Pool -- 38) WFLYRS0016: RESTEasy version 3.12.1.Final
2020-12-11 13:44:04,258 WARN  [org.wildfly.clustering.web.undertow] (ServerService Thread Pool -- 54) WFLYCLWEBUT0007: No routing provider found for default-server; using legacy provider based on static configuration
2020-12-11 13:44:04,423 INFO  [org.jboss.as.naming] (MSC service thread 1-8) WFLYNAM0003: Starting Naming Service
2020-12-11 13:44:04,444 INFO  [org.jboss.as.mail.extension] (MSC service thread 1-5) WFLYMAIL0001: Bound mail session [java:jboss/mail/Default]
2020-12-11 13:44:04,535 INFO  [org.wildfly.extension.undertow] (ServerService Thread Pool -- 54) WFLYUT0014: Creating file handler for path 'C:\keycloak\keycloak-11.0.3/welcome-content' with options [directory-listing: 'false', follow-symlink: 'false', case-sensitive: 'true', safe-symlink-paths: '[]']
2020-12-11 13:44:04,884 INFO  [org.wildfly.extension.io] (ServerService Thread Pool -- 36) WFLYIO001: Worker 'default' has auto-configured to 16 IO threads with 128 max task threads based on your 8 available processors
2020-12-11 13:44:04,884 INFO  [org.jboss.as.ejb3] (MSC service thread 1-7) WFLYEJB0481: Strict pool slsb-strict-max-pool is using a max instance size of 128 (per class), which is derived from thread worker pool sizing.
2020-12-11 13:44:04,884 INFO  [org.jboss.as.ejb3] (MSC service thread 1-1) WFLYEJB0482: Strict pool mdb-strict-max-pool is using a max instance size of 32 (per class), which is derived from the number of CPUs on this host.
2020-12-11 13:44:04,922 INFO  [org.jboss.remoting] (MSC service thread 1-4) JBoss Remoting version 5.0.18.Final
2020-12-11 13:44:04,922 INFO  [org.wildfly.extension.undertow] (MSC service thread 1-3) WFLYUT0012: Started server default-server.
2020-12-11 13:44:04,922 INFO  [org.wildfly.extension.undertow] (MSC service thread 1-2) WFLYUT0018: Host default-host starting
2020-12-11 13:44:04,984 INFO  [org.wildfly.extension.undertow] (MSC service thread 1-1) WFLYUT0006: Undertow HTTP listener default listening on 127.0.0.1:8080
2020-12-11 13:44:05,022 INFO  [org.jboss.as.ejb3] (MSC service thread 1-5) WFLYEJB0493: EJB subsystem suspension complete
2020-12-11 13:44:05,090 INFO  [org.jboss.as.connector.subsystems.datasources] (MSC service thread 1-7) WFLYJCA0001: Bound data source [java:jboss/datasources/ExampleDS]
2020-12-11 13:44:05,090 INFO  [org.jboss.as.connector.subsystems.datasources] (MSC service thread 1-2) WFLYJCA0001: Bound data source [java:jboss/datasources/KeycloakDS]
2020-12-11 13:44:05,575 INFO  [org.jboss.as.patching] (MSC service thread 1-5) WFLYPAT0050: Keycloak cumulative patch ID is: base, one-off patches include: none
2020-12-11 13:44:05,590 WARN  [org.jboss.as.domain.management.security] (MSC service thread 1-8) WFLYDM0111: Keystore C:\keycloak\keycloak-11.0.3\standalone\configuration\application.keystore not found, it will be auto generated on first use with a self signed certificate for host localhost
2020-12-11 13:44:05,590 INFO  [org.jboss.as.server.deployment.scanner] (MSC service thread 1-1) WFLYDS0013: Started FileSystemDeploymentService for directory C:\keycloak\keycloak-11.0.3\standalone\deployments
2020-12-11 13:44:05,606 INFO  [org.jboss.as.server.deployment] (MSC service thread 1-8) WFLYSRV0027: Starting deployment of "keycloak-server.war" (runtime-name: "keycloak-server.war")
2020-12-11 13:44:06,021 INFO  [org.wildfly.extension.undertow] (MSC service thread 1-3) WFLYUT0006: Undertow HTTPS listener https listening on 127.0.0.1:8443
2020-12-11 13:44:06,867 INFO  [org.infinispan.PERSISTENCE] (MSC service thread 1-4) ISPN000556: Starting user marshaller 'org.wildfly.clustering.infinispan.marshalling.jboss.JBossMarshaller'
2020-12-11 13:44:06,867 INFO  [org.infinispan.PERSISTENCE] (MSC service thread 1-2) ISPN000556: Starting user marshaller 'org.wildfly.clustering.infinispan.marshalling.jboss.JBossMarshaller'
2020-12-11 13:44:06,883 INFO  [org.infinispan.CONTAINER] (MSC service thread 1-4) ISPN000128: Infinispan version: Infinispan 'Turia' 10.1.8.Final
2020-12-11 13:44:07,098 INFO  [org.jboss.as.clustering.infinispan] (ServerService Thread Pool -- 61) WFLYCLINF0002: Started actionTokens cache from keycloak container
2020-12-11 13:44:07,098 INFO  [org.jboss.as.clustering.infinispan] (ServerService Thread Pool -- 59) WFLYCLINF0002: Started loginFailures cache from keycloak container
2020-12-11 13:44:07,098 INFO  [org.jboss.as.clustering.infinispan] (ServerService Thread Pool -- 58) WFLYCLINF0002: Started sessions cache from keycloak container
2020-12-11 13:44:07,098 INFO  [org.jboss.as.clustering.infinispan] (ServerService Thread Pool -- 68) WFLYCLINF0002: Started clientSessions cache from keycloak container
2020-12-11 13:44:07,098 INFO  [org.jboss.as.clustering.infinispan] (ServerService Thread Pool -- 60) WFLYCLINF0002: Started offlineClientSessions cache from keycloak container
2020-12-11 13:44:07,098 INFO  [org.jboss.as.clustering.infinispan] (ServerService Thread Pool -- 67) WFLYCLINF0002: Started authenticationSessions cache from keycloak container
2020-12-11 13:44:07,098 INFO  [org.jboss.as.clustering.infinispan] (ServerService Thread Pool -- 63) WFLYCLINF0002: Started offlineSessions cache from keycloak container
2020-12-11 13:44:07,098 INFO  [org.jboss.as.clustering.infinispan] (ServerService Thread Pool -- 66) WFLYCLINF0002: Started work cache from keycloak container
2020-12-11 13:44:07,098 INFO  [org.jboss.as.clustering.infinispan] (ServerService Thread Pool -- 56) WFLYCLINF0002: Started client-mappings cache from ejb container
2020-12-11 13:44:07,145 INFO  [org.jboss.as.clustering.infinispan] (ServerService Thread Pool -- 57) WFLYCLINF0002: Started keys cache from keycloak container
2020-12-11 13:44:07,145 INFO  [org.jboss.as.clustering.infinispan] (ServerService Thread Pool -- 62) WFLYCLINF0002: Started realms cache from keycloak container
2020-12-11 13:44:07,145 INFO  [org.jboss.as.clustering.infinispan] (ServerService Thread Pool -- 65) WFLYCLINF0002: Started authorization cache from keycloak container
2020-12-11 13:44:07,145 INFO  [org.jboss.as.clustering.infinispan] (ServerService Thread Pool -- 64) WFLYCLINF0002: Started users cache from keycloak container
2020-12-11 13:44:07,614 WARN  [org.jboss.as.server.deployment] (MSC service thread 1-7) WFLYSRV0273: Excluded subsystem webservices via jboss-deployment-structure.xml does not exist.
2020-12-11 13:44:08,256 INFO  [org.keycloak.services] (ServerService Thread Pool -- 66) KC-SERVICES0001: Loading config from standalone.xml or domain.xml
2020-12-11 13:44:08,963 INFO  [org.keycloak.url.DefaultHostnameProviderFactory] (ServerService Thread Pool -- 66) Frontend: <request>, Admin: <frontend>, Backend: <request>
2020-12-11 13:44:09,228 INFO  [org.jboss.as.clustering.infinispan] (ServerService Thread Pool -- 66) WFLYCLINF0002: Started realmRevisions cache from keycloak container
2020-12-11 13:44:09,228 INFO  [org.jboss.as.clustering.infinispan] (ServerService Thread Pool -- 66) WFLYCLINF0002: Started userRevisions cache from keycloak container
2020-12-11 13:44:09,244 INFO  [org.jboss.as.clustering.infinispan] (ServerService Thread Pool -- 66) WFLYCLINF0002: Started authorizationRevisions cache from keycloak container
2020-12-11 13:44:09,244 INFO  [org.keycloak.connections.infinispan.DefaultInfinispanConnectionProviderFactory] (ServerService Thread Pool -- 66) Node name: desktop-043l0qe, Site name: null
2020-12-11 13:44:15,434 INFO  [org.hibernate.jpa.internal.util.LogHelper] (ServerService Thread Pool -- 66) HHH000204: Processing PersistenceUnitInfo [
	name: keycloak-default
	...]
2020-12-11 13:44:15,502 INFO  [org.hibernate.Version] (ServerService Thread Pool -- 66) HHH000412: Hibernate Core {5.3.17.Final}
2020-12-11 13:44:15,502 INFO  [org.hibernate.cfg.Environment] (ServerService Thread Pool -- 66) HHH000206: hibernate.properties not found
2020-12-11 13:44:15,696 INFO  [org.hibernate.annotations.common.Version] (ServerService Thread Pool -- 66) HCANN000001: Hibernate Commons Annotations {5.0.5.Final}
2020-12-11 13:44:15,879 INFO  [org.hibernate.dialect.Dialect] (ServerService Thread Pool -- 66) HHH000400: Using dialect: org.hibernate.dialect.H2Dialect
2020-12-11 13:44:15,887 WARN  [org.hibernate.dialect.H2Dialect] (ServerService Thread Pool -- 66) HHH000431: Unable to determine H2 database version, certain features may not work
2020-12-11 13:44:15,928 INFO  [org.hibernate.envers.boot.internal.EnversServiceImpl] (ServerService Thread Pool -- 66) Envers integration enabled? : true
2020-12-11 13:44:16,405 INFO  [org.hibernate.orm.beans] (ServerService Thread Pool -- 66) HHH10005002: No explicit CDI BeanManager reference was passed to Hibernate, but CDI is available on the Hibernate ClassLoader.
2020-12-11 13:44:16,461 INFO  [org.hibernate.validator.internal.util.Version] (ServerService Thread Pool -- 66) HV000001: Hibernate Validator 6.0.20.Final
2020-12-11 13:44:17,536 INFO  [org.hibernate.hql.internal.QueryTranslatorFactoryInitiator] (ServerService Thread Pool -- 66) HHH000397: Using ASTQueryTranslatorFactory
2020-12-11 13:44:18,191 INFO  [org.jboss.resteasy.resteasy_jaxrs.i18n] (ServerService Thread Pool -- 66) RESTEASY002225: Deploying javax.ws.rs.core.Application: class org.keycloak.services.resources.KeycloakApplication
2020-12-11 13:44:18,206 INFO  [org.jboss.resteasy.resteasy_jaxrs.i18n] (ServerService Thread Pool -- 66) RESTEASY002205: Adding provider class org.keycloak.services.error.KeycloakErrorHandler from Application class org.keycloak.services.resources.KeycloakApplication
2020-12-11 13:44:18,206 INFO  [org.jboss.resteasy.resteasy_jaxrs.i18n] (ServerService Thread Pool -- 66) RESTEASY002200: Adding class resource org.keycloak.services.resources.ThemeResource from Application class org.keycloak.services.resources.KeycloakApplication
2020-12-11 13:44:18,206 INFO  [org.jboss.resteasy.resteasy_jaxrs.i18n] (ServerService Thread Pool -- 66) RESTEASY002205: Adding provider class org.keycloak.services.filters.KeycloakSecurityHeadersFilter from Application class org.keycloak.services.resources.KeycloakApplication
2020-12-11 13:44:18,206 INFO  [org.jboss.resteasy.resteasy_jaxrs.i18n] (ServerService Thread Pool -- 66) RESTEASY002200: Adding class resource org.keycloak.services.resources.JsResource from Application class org.keycloak.services.resources.KeycloakApplication
2020-12-11 13:44:18,206 INFO  [org.jboss.resteasy.resteasy_jaxrs.i18n] (ServerService Thread Pool -- 66) RESTEASY002220: Adding singleton resource org.keycloak.services.resources.RobotsResource from Application class org.keycloak.services.resources.KeycloakApplication
2020-12-11 13:44:18,206 INFO  [org.jboss.resteasy.resteasy_jaxrs.i18n] (ServerService Thread Pool -- 66) RESTEASY002220: Adding singleton resource org.keycloak.services.resources.admin.AdminRoot from Application class org.keycloak.services.resources.KeycloakApplication
2020-12-11 13:44:18,206 INFO  [org.jboss.resteasy.resteasy_jaxrs.i18n] (ServerService Thread Pool -- 66) RESTEASY002210: Adding provider singleton org.keycloak.services.util.ObjectMapperResolver from Application class org.keycloak.services.resources.KeycloakApplication
2020-12-11 13:44:18,206 INFO  [org.jboss.resteasy.resteasy_jaxrs.i18n] (ServerService Thread Pool -- 66) RESTEASY002220: Adding singleton resource org.keycloak.services.resources.WelcomeResource from Application class org.keycloak.services.resources.KeycloakApplication
2020-12-11 13:44:18,206 INFO  [org.jboss.resteasy.resteasy_jaxrs.i18n] (ServerService Thread Pool -- 66) RESTEASY002220: Adding singleton resource org.keycloak.services.resources.RealmsResource from Application class org.keycloak.services.resources.KeycloakApplication
2020-12-11 13:44:18,460 INFO  [org.wildfly.extension.undertow] (ServerService Thread Pool -- 66) WFLYUT0021: Registered web context: '/auth' for server 'default-server'
2020-12-11 13:44:18,507 INFO  [org.jboss.as.server] (ServerService Thread Pool -- 55) WFLYSRV0010: Deployed "keycloak-server.war" (runtime-name : "keycloak-server.war")
2020-12-11 13:44:18,560 INFO  [org.jboss.as.server] (Controller Boot Thread) WFLYSRV0212: Resuming server
2020-12-11 13:44:18,560 INFO  [org.jboss.as] (Controller Boot Thread) WFLYSRV0025: Keycloak 11.0.3 (WildFly Core 12.0.3.Final) started in 22871ms - Started 588 of 886 services (601 services are lazy, passive or on-demand)
2020-12-11 13:44:18,560 INFO  [org.jboss.as] (Controller Boot Thread) WFLYSRV0060: Http management interface listening on http://127.0.0.1:9990/management
2020-12-11 13:44:18,560 INFO  [org.jboss.as] (Controller Boot Thread) WFLYSRV0051: Admin console listening on http://127.0.0.1:9990
2020-12-11 13:49:30,864 WARN  [org.keycloak.events] (default task-4) type=UPDATE_PASSWORD_ERROR, realmId=demo, clientId=client1, userId=f35786db-39f4-4774-96e4-b8121bd451cf, ipAddress=127.0.0.1, error=password_confirm_error, auth_method=openid-connect, custom_required_action=UPDATE_PASSWORD, response_type=code, redirect_uri=http://127.0.0.1:5000/oidc_callback, remember_me=false, code_id=a8cb8f87-885f-4eb9-bc77-24a3c7c192cf, response_mode=query, username=testadmin, authSessionParentId=a8cb8f87-885f-4eb9-bc77-24a3c7c192cf, authSessionTabId=WcL6dUQYeVs
2020-12-11 13:50:28,658 WARN  [org.keycloak.events] (default task-4) type=LOGIN_ERROR, realmId=demo, clientId=client1, userId=null, ipAddress=127.0.0.1, error=user_not_found, auth_method=openid-connect, auth_type=code, redirect_uri=http://localhost:5000/oidc_callback, code_id=b6cbc937-a2f3-4f78-b317-80199ec2b69e, username=useradmin, authSessionParentId=b6cbc937-a2f3-4f78-b317-80199ec2b69e, authSessionTabId=TyOc2pra-xw
